<?xml version="1.0" encoding="UTF-8"?>
<!-- Generated by org.testng.reporters.JUnitReportReporter -->
<testsuite skipped="0" hostname="Vikram-PC" name="com.flaconi.TestCase.AddPerfumeToCartTestCase" tests="1" failures="0" timestamp="26 Feb 2019 16:03:16 GMT" time="28.539" errors="0">
  <testcase name="flaconiUserJourney" time="28.539" classname="com.flaconi.TestCase.AddPerfumeToCartTestCase"/>
</testsuite> <!-- com.flaconi.TestCase.AddPerfumeToCartTestCase -->
