<?xml version="1.0" encoding="UTF-8"?>
<!-- Generated by org.testng.reporters.JUnitReportReporter -->
<testsuite skipped="0" hostname="Vikram-PC" name="com.flaconi.TestCase.AddPerfumeToCartTestCase" tests="1" failures="0" timestamp="26 Feb 2019 17:06:48 GMT" time="22.958" errors="0">
  <testcase name="flaconiUserJourney" time="22.958" classname="com.flaconi.TestCase.AddPerfumeToCartTestCase"/>
</testsuite> <!-- com.flaconi.TestCase.AddPerfumeToCartTestCase -->
