<?xml version="1.0" encoding="UTF-8"?>
<!-- Generated by org.testng.reporters.JUnitReportReporter -->
<testsuite skipped="0" hostname="Vikram-PC" name="com.flaconi.TestCase.AddPerfumeToCartTestCase" tests="1" failures="0" timestamp="28 Feb 2019 15:25:33 GMT" time="22.579" errors="0">
  <testcase name="flaconiUserJourney" time="22.579" classname="com.flaconi.TestCase.AddPerfumeToCartTestCase"/>
</testsuite> <!-- com.flaconi.TestCase.AddPerfumeToCartTestCase -->
