<?xml version="1.0" encoding="UTF-8"?>
<!-- Generated by org.testng.reporters.JUnitReportReporter -->
<testsuite skipped="0" hostname="Vikram-PC" name="com.flaconi.TestCase.AddPerfumeToCartTestCase" tests="1" failures="0" timestamp="27 Feb 2019 09:42:45 GMT" time="20.709" errors="0">
  <testcase name="flaconiUserJourney" time="20.709" classname="com.flaconi.TestCase.AddPerfumeToCartTestCase"/>
</testsuite> <!-- com.flaconi.TestCase.AddPerfumeToCartTestCase -->
