<?xml version="1.0" encoding="UTF-8"?>
<!-- Generated by org.testng.reporters.JUnitReportReporter -->
<testsuite skipped="0" hostname="Vikram-PC" name="com.flaconi.TestCase.TestDriver" tests="1" failures="0" timestamp="26 Feb 2019 15:38:08 GMT" time="30.703" errors="0">
  <testcase name="initiateDriver" time="30.703" classname="com.flaconi.TestCase.TestDriver"/>
</testsuite> <!-- com.flaconi.TestCase.TestDriver -->
