<?xml version="1.0" encoding="UTF-8"?>
<!-- Generated by org.testng.reporters.JUnitReportReporter -->
<testsuite skipped="0" hostname="Vikram-PC" name="com.flaconi.TestCase.AddPerfumeToCartTestCase" tests="1" failures="0" timestamp="05 Mar 2019 19:58:48 GMT" time="96.472" errors="0">
  <testcase name="flaconiUserJourney" time="96.472" classname="com.flaconi.TestCase.AddPerfumeToCartTestCase"/>
</testsuite> <!-- com.flaconi.TestCase.AddPerfumeToCartTestCase -->
